<?xml version="1.0" encoding="UTF-8"?>
<testsuite xmlns:xsi="http://www.w3.org/2001/XMLSchema-instance" xsi:noNamespaceSchemaLocation="https://maven.apache.org/surefire/maven-surefire-plugin/xsd/surefire-test-report-3.0.xsd" version="3.0" name="org.javahispano.tutorial_maven.AppTest" time="0.228" tests="18" errors="0" skipped="0" failures="0">
  <properties>
[...]
</properties>
  <testcase name="testComprobarDoublePositivo_masa_grande" classname="org.javahispano.tutorial_maven.AppTest" time="0.013"/>
  <testcase name="testCalcularFuerzaGravitatoria" classname="org.javahispano.tutorial_maven.AppTest" time="0.0"/>
  <testcase name="testComprobarDoublePositivo_masaPositiva" classname="org.javahispano.tutorial_maven.AppTest" time="0.0"/>
  <testcase name="testComprobarDoublePositivo_masaNegativa" classname="org.javahispano.tutorial_maven.AppTest" time="0.01"/>
  <testcase name="testComprobarDoublePositivo_distancia_grande" classname="org.javahispano.tutorial_maven.AppTest" time="0.0"/>
  <testcase name="testComprobarDoublePositivo_masa_VPesada1" classname="org.javahispano.tutorial_maven.AppTest" time="0.0"/>
  <testcase name="testComprobarDoublePositivo_masa_VPesada2" classname="org.javahispano.tutorial_maven.AppTest" time="0.0"/>
  <testcase name="testComprobarDoublePositivo_masa_VPesada3" classname="org.javahispano.tutorial_maven.AppTest" time="0.01"/>
  <testcase name="testComprobarDoublePositivo_masa_VPesada4" classname="org.javahispano.tutorial_maven.AppTest" time="0.0"/>
  <testcase name="testMostrarMensaje" classname="org.javahispano.tutorial_maven.AppTest" time="0.007">
    <system-out><![CDATA[Prueba
]]></system-out>
  </testcase>
  <testcase name="testComprobarDoublePositivo_distancia_VLigera" classname="org.javahispano.tutorial_maven.AppTest" time="0.001"/>
  <testcase name="testComprobarDoublePositivo_distancia_VPesada1" classname="org.javahispano.tutorial_maven.AppTest" time="0.0"/>
  <testcase name="testComprobarDoublePositivo_distancia_VPesada2" classname="org.javahispano.tutorial_maven.AppTest" time="0.0"/>
  <testcase name="testComprobarDoublePositivo_distancia_VPesada3" classname="org.javahispano.tutorial_maven.AppTest" time="0.0"/>
  <testcase name="testComprobarDoublePositivo_distancia_VPesada4" classname="org.javahispano.tutorial_maven.AppTest" time="0.0"/>
  <testcase name="testComprobarDoublePositivo_masa_VLigera" classname="org.javahispano.tutorial_maven.AppTest" time="0.0"/>
  <testcase name="testComprobarDoublePositivo_distanciaPositiva" classname="org.javahispano.tutorial_maven.AppTest" time="0.0"/>
  <testcase name="testComprobarDoublePositivo_distanciaNegativa" classname="org.javahispano.tutorial_maven.AppTest" time="0.002"/>
</testsuite>